<?xml version="1.0" encoding="UTF-8"?>
<!-- Generated by org.testng.reporters.JUnitReportReporter -->
<testsuite hostname="DESKTOP-CUMGC61" failures="0" tests="1" name="com.Equarz.Testcases.SearchTest" time="41.138" errors="0" timestamp="2023-09-15T18:41:36 IST" skipped="0">
  <testcase classname="com.Equarz.Testcases.SearchTest" name="cat" time="41.138"/>
</testsuite> <!-- com.Equarz.Testcases.SearchTest -->
