<?xml version="1.0" encoding="UTF-8"?>
<!-- Generated by org.testng.reporters.JUnitReportReporter -->
<testsuite hostname="DESKTOP-CUMGC61" failures="0" tests="2" name="com.Equarz.Testcases.ProfileTest" time="87.625" errors="0" timestamp="2023-10-11T17:56:36 IST" skipped="0">
  <testcase classname="com.Equarz.Testcases.ProfileTest" name="edit" time="44.310"/>
  <testcase classname="com.Equarz.Testcases.ProfileTest" name="edit" time="43.315"/>
</testsuite> <!-- com.Equarz.Testcases.ProfileTest -->
