<?xml version="1.0" encoding="UTF-8"?>
<!-- Generated by org.testng.reporters.JUnitReportReporter -->
<testsuite hostname="DESKTOP-CUMGC61" failures="0" tests="2" name="com.Equarz.Testcases.SignupTest" time="15.722" errors="0" timestamp="2023-09-21T17:44:58 IST" skipped="0">
  <testcase classname="com.Equarz.Testcases.SignupTest" name="Givenurl" time="6.742"/>
  <testcase classname="com.Equarz.Testcases.SignupTest" name="Registration" time="8.980"/>
</testsuite> <!-- com.Equarz.Testcases.SignupTest -->
