<?xml version="1.0" encoding="UTF-8"?>
<!-- Generated by org.testng.reporters.JUnitReportReporter -->
<testsuite hostname="DESKTOP-CUMGC61" failures="0" tests="1" name="com.Equarz.Testcases.Dropdowntest" time="38.434" errors="0" timestamp="2023-10-09T13:03:45 IST" skipped="0">
  <testcase classname="com.Equarz.Testcases.Dropdowntest" name="search1" time="38.434"/>
</testsuite> <!-- com.Equarz.Testcases.Dropdowntest -->
