<?xml version="1.0" encoding="UTF-8"?>
<!-- Generated by org.testng.reporters.JUnitReportReporter -->
<testsuite hostname="DESKTOP-PGPGNDP" failures="0" tests="1" name="com.Equarz.Testcases.AdminBuyProuduct1" time="116.708" errors="0" timestamp="2023-11-17T11:50:08 IST" skipped="0">
  <testcase classname="com.Equarz.Testcases.AdminBuyProuduct1" name="verifyproduct" time="116.708"/>
  <system-out/>
</testsuite> <!-- com.Equarz.Testcases.AdminBuyProuduct1 -->
