<?xml version="1.0" encoding="UTF-8"?>
<!-- Generated by org.testng.reporters.JUnitReportReporter -->
<testsuite hostname="DESKTOP-CUMGC61" failures="0" tests="1" name="com.Equarz.Testcases.AddressTest" time="8.992" errors="0" timestamp="2023-10-09T17:40:03 IST" skipped="0">
  <testcase classname="com.Equarz.Testcases.AddressTest" name="address1" time="8.992"/>
</testsuite> <!-- com.Equarz.Testcases.AddressTest -->
