<?xml version="1.0" encoding="UTF-8"?>
<!-- Generated by org.testng.reporters.JUnitReportReporter -->
<testsuite hostname="DESKTOP-CUMGC61" failures="0" tests="1" name="com.Equarz.Testcases.WishlistTest" time="15.948" errors="0" timestamp="2023-09-22T16:47:38 IST" skipped="0">
  <testcase classname="com.Equarz.Testcases.WishlistTest" name="removeproduct" time="15.948"/>
</testsuite> <!-- com.Equarz.Testcases.WishlistTest -->
