<?xml version="1.0" encoding="UTF-8"?>
<!-- Generated by org.testng.reporters.JUnitReportReporter -->
<testsuite hostname="DESKTOP-CUMGC61" failures="0" tests="1" name="com.Equarz.Testcases.AddressTest" time="12.035" errors="0" timestamp="2023-10-11T11:29:31 IST" skipped="0">
  <testcase classname="com.Equarz.Testcases.AddressTest" name="address1" time="12.035"/>
</testsuite> <!-- com.Equarz.Testcases.AddressTest -->
