<?xml version="1.0" encoding="UTF-8"?>
<!-- Generated by org.testng.reporters.JUnitReportReporter -->
<testsuite hostname="DESKTOP-CUMGC61" failures="0" tests="2" name="com.Equarz.Testcases.SignupTest" time="14.259" errors="0" timestamp="2023-09-15T14:59:17 IST" skipped="0">
  <testcase classname="com.Equarz.Testcases.SignupTest" name="Givenurl" time="3.677"/>
  <testcase classname="com.Equarz.Testcases.SignupTest" name="Registration" time="10.582"/>
</testsuite> <!-- com.Equarz.Testcases.SignupTest -->
