<?xml version="1.0" encoding="UTF-8"?>
<!-- Generated by org.testng.reporters.JUnitReportReporter -->
<testsuite hostname="DESKTOP-CUMGC61" failures="0" tests="1" name="com.Equarz.Testcases.SignupTest" time="29.347" errors="0" timestamp="2023-10-11T17:34:30 IST" skipped="0">
  <testcase classname="com.Equarz.Testcases.SignupTest" name="Registration" time="29.347"/>
</testsuite> <!-- com.Equarz.Testcases.SignupTest -->
