<?xml version="1.0" encoding="UTF-8"?>
<!-- Generated by org.testng.reporters.JUnitReportReporter -->
<testsuite hostname="DESKTOP-CUMGC61" failures="0" tests="1" name="com.Equarz.Testcases.Homelinkstest" time="3.811" errors="0" timestamp="2023-10-09T15:07:25 IST" skipped="0">
  <testcase classname="com.Equarz.Testcases.Homelinkstest" name="twitter" time="3.811"/>
</testsuite> <!-- com.Equarz.Testcases.Homelinkstest -->
