<?xml version="1.0" encoding="UTF-8"?>
<!-- Generated by org.testng.reporters.JUnitReportReporter -->
<testsuite hostname="DESKTOP-CUMGC61" failures="0" tests="1" name="com.Equarz.Testcases.AddressTest" time="11.928" errors="0" timestamp="2023-10-11T15:45:32 IST" skipped="0">
  <testcase classname="com.Equarz.Testcases.AddressTest" name="del" time="11.928"/>
</testsuite> <!-- com.Equarz.Testcases.AddressTest -->
